<?xml version="1.0" encoding="UTF-8"?>
<testng-results skipped="0" failed="0" ignored="0" total="2" passed="2">
  <reporter-output>
  </reporter-output>
  <suite name="Default suite" duration-ms="123166" started-at="2020-04-29T06:54:57Z" finished-at="2020-04-29T06:57:00Z">
    <groups>
    </groups>
    <test name="Default test" duration-ms="123166" started-at="2020-04-29T06:54:57Z" finished-at="2020-04-29T06:57:00Z">
      <class name="com.Testscripts.CreateContactTest">
        <test-method status="PASS" signature="ConfigBC()[pri:0, instance:com.Testscripts.CreateContactTest@3ffc5af1]" name="ConfigBC" is-config="true" duration-ms="22698" started-at="2020-04-29T06:54:57Z" finished-at="2020-04-29T06:55:20Z">
          <reporter-output>
          </reporter-output>
        </test-method> <!-- ConfigBC -->
        <test-method status="PASS" signature="ConfigBM()[pri:0, instance:com.Testscripts.CreateContactTest@3ffc5af1]" name="ConfigBM" is-config="true" duration-ms="15872" started-at="2020-04-29T06:55:20Z" finished-at="2020-04-29T06:55:36Z">
          <reporter-output>
          </reporter-output>
        </test-method> <!-- ConfigBM -->
        <test-method status="PASS" signature="createContactTest()[pri:0, instance:com.Testscripts.CreateContactTest@3ffc5af1]" name="createContactTest" duration-ms="38199" started-at="2020-04-29T06:55:36Z" finished-at="2020-04-29T06:56:14Z">
          <reporter-output>
          </reporter-output>
        </test-method> <!-- createContactTest -->
        <test-method status="PASS" signature="configAM()[pri:0, instance:com.Testscripts.CreateContactTest@3ffc5af1]" name="configAM" is-config="true" duration-ms="2569" started-at="2020-04-29T06:56:14Z" finished-at="2020-04-29T06:56:17Z">
          <reporter-output>
          </reporter-output>
        </test-method> <!-- configAM -->
        <test-method status="PASS" signature="configAC()[pri:0, instance:com.Testscripts.CreateContactTest@3ffc5af1]" name="configAC" is-config="true" duration-ms="1330" started-at="2020-04-29T06:56:17Z" finished-at="2020-04-29T06:56:18Z">
          <reporter-output>
          </reporter-output>
        </test-method> <!-- configAC -->
      </class> <!-- com.Testscripts.CreateContactTest -->
      <class name="com.Testscripts.ProductsTest">
        <test-method status="PASS" signature="ConfigBC()[pri:0, instance:com.Testscripts.ProductsTest@5e5792a0]" name="ConfigBC" is-config="true" duration-ms="13180" started-at="2020-04-29T06:56:18Z" finished-at="2020-04-29T06:56:31Z">
          <reporter-output>
          </reporter-output>
        </test-method> <!-- ConfigBC -->
        <test-method status="PASS" signature="ConfigBM()[pri:0, instance:com.Testscripts.ProductsTest@5e5792a0]" name="ConfigBM" is-config="true" duration-ms="4996" started-at="2020-04-29T06:56:31Z" finished-at="2020-04-29T06:56:36Z">
          <reporter-output>
          </reporter-output>
        </test-method> <!-- ConfigBM -->
        <test-method status="PASS" signature="productstest()[pri:0, instance:com.Testscripts.ProductsTest@5e5792a0]" name="productstest" duration-ms="21409" started-at="2020-04-29T06:56:36Z" finished-at="2020-04-29T06:56:58Z">
          <reporter-output>
          </reporter-output>
        </test-method> <!-- productstest -->
        <test-method status="PASS" signature="configAM()[pri:0, instance:com.Testscripts.ProductsTest@5e5792a0]" name="configAM" is-config="true" duration-ms="2006" started-at="2020-04-29T06:56:58Z" finished-at="2020-04-29T06:57:00Z">
          <reporter-output>
          </reporter-output>
        </test-method> <!-- configAM -->
        <test-method status="PASS" signature="configAC()[pri:0, instance:com.Testscripts.ProductsTest@5e5792a0]" name="configAC" is-config="true" duration-ms="826" started-at="2020-04-29T06:57:00Z" finished-at="2020-04-29T06:57:00Z">
          <reporter-output>
          </reporter-output>
        </test-method> <!-- configAC -->
      </class> <!-- com.Testscripts.ProductsTest -->
    </test> <!-- Default test -->
  </suite> <!-- Default suite -->
</testng-results>
