<?xml version="1.0" encoding="UTF-8"?>
<testng-results skipped="0" failed="0" ignored="0" total="1" passed="1">
  <reporter-output>
  </reporter-output>
  <suite name="Default suite" duration-ms="136796" started-at="2020-05-07T12:53:15Z" finished-at="2020-05-07T12:55:32Z">
    <groups>
    </groups>
    <test name="Default test" duration-ms="136796" started-at="2020-05-07T12:53:15Z" finished-at="2020-05-07T12:55:32Z">
      <class name="com.Testscripts.CreateContactTest">
        <test-method status="PASS" signature="ConfigBC()[pri:0, instance:com.Testscripts.CreateContactTest@29774679]" name="ConfigBC" is-config="true" duration-ms="65693" started-at="2020-05-07T12:53:15Z" finished-at="2020-05-07T12:54:21Z">
          <reporter-output>
          </reporter-output>
        </test-method> <!-- ConfigBC -->
        <test-method status="PASS" signature="ConfigBM()[pri:0, instance:com.Testscripts.CreateContactTest@29774679]" name="ConfigBM" is-config="true" duration-ms="33260" started-at="2020-05-07T12:54:21Z" finished-at="2020-05-07T12:54:54Z">
          <reporter-output>
          </reporter-output>
        </test-method> <!-- ConfigBM -->
        <test-method status="PASS" signature="createContactTest()[pri:0, instance:com.Testscripts.CreateContactTest@29774679]" name="createContactTest" duration-ms="33057" started-at="2020-05-07T12:54:54Z" finished-at="2020-05-07T12:55:27Z">
          <reporter-output>
          </reporter-output>
        </test-method> <!-- createContactTest -->
        <test-method status="PASS" signature="configAM()[pri:0, instance:com.Testscripts.CreateContactTest@29774679]" name="configAM" is-config="true" duration-ms="3580" started-at="2020-05-07T12:55:27Z" finished-at="2020-05-07T12:55:31Z">
          <reporter-output>
          </reporter-output>
        </test-method> <!-- configAM -->
        <test-method status="PASS" signature="configAC()[pri:0, instance:com.Testscripts.CreateContactTest@29774679]" name="configAC" is-config="true" duration-ms="1165" started-at="2020-05-07T12:55:31Z" finished-at="2020-05-07T12:55:32Z">
          <reporter-output>
          </reporter-output>
        </test-method> <!-- configAC -->
      </class> <!-- com.Testscripts.CreateContactTest -->
    </test> <!-- Default test -->
  </suite> <!-- Default suite -->
</testng-results>
