<?xml version="1.0" encoding="UTF-8"?>
<!-- Generated by org.testng.reporters.JUnitXMLReporter -->
<testsuite hostname="LAPTOP-I4KMK004" ignored="7" name="Test" tests="1" failures="0" timestamp="20 Apr 2020 13:07:46 GMT" time="200.158" errors="0">
  <testcase name="createContactsTest" time="73.342" classname="com.vTiger.Testscripts.createContacts"/>
  <testcase name="createSales" time="0.0" classname="com.vTiger.Testscripts.createSalesTest">
    <ignored/>
  </testcase> <!-- createSales -->
  <testcase name="createVendorTest" time="0.0" classname="com.vTiger.Testscripts.createVendor">
    <ignored/>
  </testcase> <!-- createVendorTest -->
  <testcase name="createCampaign" time="0.0" classname="com.vTiger.Testscripts.createCampaignTest">
    <ignored/>
  </testcase> <!-- createCampaign -->
  <testcase name="createQuotes" time="0.0" classname="com.vTiger.Testscripts.createQuotesTest">
    <ignored/>
  </testcase> <!-- createQuotes -->
  <testcase name="createOrganisation" time="0.0" classname="com.vTiger.Testscripts.createOrganisationTest">
    <ignored/>
  </testcase> <!-- createOrganisation -->
  <testcase name="createProduct" time="0.0" classname="com.vTiger.Testscripts.createProductsTest">
    <ignored/>
  </testcase> <!-- createProduct -->
  <testcase name="createOpportunity" time="0.0" classname="com.vTiger.Testscripts.createOpportunityTest">
    <ignored/>
  </testcase> <!-- createOpportunity -->
</testsuite> <!-- Test -->
